<?xml version="1.0" encoding="UTF-8"?>
<!-- Generated by org.testng.reporters.JUnitReportReporter -->
<testsuite hostname="MacBook-Pro.local" failures="0" tests="5" name="Framework" time="5.272" errors="0" timestamp="2024-08-12T10:42:26 IST" skipped="0">
  <testcase classname="Framework" name="logins" time="0.200"/>
  <testcase classname="Framework" name="addToCart" time="2.668"/>
  <testcase classname="Framework" name="cartPageValidation" time="0.542"/>
  <testcase classname="Framework" name="checkoutValidation" time="1.292"/>
  <testcase classname="Framework" name="orderValidation" time="0.570"/>
</testsuite> <!-- Framework -->
