<?xml version="1.0" encoding="UTF-8"?>
<!-- Generated by org.testng.reporters.JUnitReportReporter -->
<testsuite hostname="MacBook-Pro.local" failures="0" tests="1" name="Cucumber.Runner.TestNGRunner" time="8.027" errors="0" timestamp="2024-08-12T10:53:06 IST" skipped="0">
  <testcase classname="Cucumber.Runner.TestNGRunner" name="runScenario" time="8.027"/>
</testsuite> <!-- Cucumber.Runner.TestNGRunner -->
