<?xml version="1.0" encoding="UTF-8"?>
<!-- Generated by org.testng.reporters.JUnitReportReporter -->
<testsuite hostname="MacBook-Pro.local" failures="0" tests="1" name="IncorrectLogin" time="0.745" errors="0" timestamp="2024-08-12T10:42:26 IST" skipped="0">
  <testcase classname="IncorrectLogin" name="validateIncorrectLogin" time="0.745"/>
</testsuite> <!-- IncorrectLogin -->
