<?xml version="1.0" encoding="UTF-8"?>
<!-- Generated by org.testng.reporters.JUnitReportReporter -->
<testsuite hostname="MacBook-Pro.local" failures="0" tests="1" name="Cucumber.Runner.TestNGRunner" time="8.125" errors="0" timestamp="2024-10-05T11:30:37 IST" skipped="0">
  <testcase classname="Cucumber.Runner.TestNGRunner" name="runScenario" time="8.125"/>
</testsuite> <!-- Cucumber.Runner.TestNGRunner -->
